<?xml version="1.0" encoding="UTF-8"?>
<!-- Generated by org.testng.reporters.JUnitReportReporter -->
<testsuite hostname="LiliAsus" name="com.example.tests.EmptyGroupCreationTest" tests="1" failures="0" timestamp="3 Mar 2014 19:57:49 GMT" time="3.090" errors="0">
  <testcase name="testEmptyGroupCreation" time="3.090" classname="com.example.tests.EmptyGroupCreationTest"/>
</testsuite> <!-- com.example.tests.EmptyGroupCreationTest -->
